<?xml version="1.0" encoding="UTF-8"?>
<!-- Generated by org.testng.reporters.JUnitXMLReporter -->
<testsuite ignored="0" hostname="LAPTOP-8RPB2MRA" failures="0" tests="3" name="Default test" time="5.078" errors="0" timestamp="28 May 2023 12:39:02 GMT">
  <testcase classname="Tester.CheckEnv" name="TC_01_Url" time="0.008"/>
  <testcase classname="Tester.CheckEnv" name="TC_02_Logo" time="0.043"/>
  <testcase classname="Tester.CheckEnv" name="TC_03_Form" time="0.02"/>
</testsuite> <!-- Default test -->
