<?xml version="1.0" encoding="UTF-8"?>
<!-- Generated by org.testng.reporters.JUnitXMLReporter -->
<testsuite ignored="0" hostname="LAPTOP-8RPB2MRA" failures="0" tests="7" name="Default test" time="46.808" errors="0" timestamp="06 May 2023 08:00:17 GMT">
  <testcase classname="Tester.Testing" name="TC_01_Loginsuccess" time="5.621"/>
  <testcase classname="Tester.Testing" name="TC_02_inCorrectPassWord" time="5.479"/>
  <testcase classname="Tester.Testing" name="TC_03_inCorrectUserName" time="5.459"/>
  <testcase classname="Tester.Testing" name="TC_04_upperUserName" time="5.405"/>
  <testcase classname="Tester.Testing" name="TC_05_forGotPassWord" time="5.607"/>
  <testcase classname="Tester.Testing" name="TC_05_upperCaseFirstChar" time="5.422"/>
  <testcase classname="Tester.Testing" name="TC_06_inputEmailAddress" time="5.175"/>
</testsuite> <!-- Default test -->
