<?xml version="1.0" encoding="UTF-8"?>
<testng-results ignored="0" total="3" passed="3" failed="0" skipped="0">
  <reporter-output>
  </reporter-output>
  <suite started-at="2023-05-28T12:38:57Z" name="Default suite" finished-at="2023-05-28T12:39:02Z" duration-ms="5078">
    <groups>
    </groups>
    <test started-at="2023-05-28T12:38:57Z" name="Default test" finished-at="2023-05-28T12:39:02Z" duration-ms="5078">
      <class name="Tester.CheckEnv">
        <test-method is-config="true" signature="beforeClass()[pri:0, instance:Tester.CheckEnv@752325ad]" started-at="2023-05-28T12:38:57Z" name="beforeClass" finished-at="2023-05-28T12:39:01Z" duration-ms="4230" status="PASS">
          <reporter-output>
          </reporter-output>
        </test-method> <!-- beforeClass -->
        <test-method signature="TC_01_Url()[pri:0, instance:Tester.CheckEnv@752325ad]" started-at="2023-05-28T12:39:01Z" name="TC_01_Url" finished-at="2023-05-28T12:39:01Z" duration-ms="8" status="PASS">
          <reporter-output>
          </reporter-output>
        </test-method> <!-- TC_01_Url -->
        <test-method signature="TC_02_Logo()[pri:0, instance:Tester.CheckEnv@752325ad]" started-at="2023-05-28T12:39:01Z" name="TC_02_Logo" finished-at="2023-05-28T12:39:01Z" duration-ms="43" status="PASS">
          <reporter-output>
          </reporter-output>
        </test-method> <!-- TC_02_Logo -->
        <test-method signature="TC_03_Form()[pri:0, instance:Tester.CheckEnv@752325ad]" started-at="2023-05-28T12:39:01Z" name="TC_03_Form" finished-at="2023-05-28T12:39:01Z" duration-ms="20" status="PASS">
          <reporter-output>
          </reporter-output>
        </test-method> <!-- TC_03_Form -->
        <test-method is-config="true" signature="afterClass()[pri:0, instance:Tester.CheckEnv@752325ad]" started-at="2023-05-28T12:39:01Z" name="afterClass" finished-at="2023-05-28T12:39:02Z" duration-ms="765" status="PASS">
          <reporter-output>
          </reporter-output>
        </test-method> <!-- afterClass -->
      </class> <!-- Tester.CheckEnv -->
    </test> <!-- Default test -->
  </suite> <!-- Default suite -->
</testng-results>
